<?xml version="1.0" encoding="UTF-8"?>
<testsuite xmlns:xsi="http://www.w3.org/2001/XMLSchema-instance" xsi:noNamespaceSchemaLocation="https://maven.apache.org/surefire/maven-surefire-plugin/xsd/surefire-test-report-3.0.xsd" version="3.0" name="Runner.RunTest" time="0.599" tests="2" errors="0" skipped="0" failures="0">
  <properties>
[...]
</properties>
  <testcase name="Check login with valid credentials" classname="Validate login functonality" time="0.088">
    <system-out><![CDATA[
Scenario: Check login with valid credentials     # file:///G:/2025/My%20Automation%20Project/CucumberBDDCMD/src/test/resources/Features/login.feature:3
  âœ” Given user is on login page1                 # steps.LoginSteps.user_is_on_login_page1()
  âœ” When user enters valid username and password # steps.LoginSteps.user_enters_valid_username_and_password()
  âœ” And Clicks on login button                   # steps.LoginSteps.clicks_on_login_button()
  âœ” Then user is navigated to the home page      # steps.LoginSteps.user_is_navigated_to_the_home_page()
]]></system-out>
    <system-err><![CDATA[Aug 12, 2025 3:56:32 PM io.cucumber.core.options.CucumberPropertiesParser lambda$warnWhenCucumberOptionsIsUsed$2
WARNING: Passing commandline options via the property 'cucumber.options' is no longer supported. Please use individual properties instead. See the java doc on io.cucumber.core.options.Constants for details.
]]></system-err>
  </testcase>
  <testcase name="Check login with invalid credentials" classname="Validate login functonality" time="0.003">
    <system-out><![CDATA[
Scenario: Check login with invalid credentials            # file:///G:/2025/My%20Automation%20Project/CucumberBDDCMD/src/test/resources/Features/login.feature:9
  âœ” Given user is on login page                           # steps.LoginSteps.user_is_on_login_page()
  âœ” When user enters invalid username and password        # steps.LoginSteps.user_enters_invalid_username_and_password()
  âœ” And hits the submit button                            # steps.LoginSteps.hits_the_submit_button()
  âœ” Then error message is displayed - Invalid credentials # steps.LoginSteps.error_message_is_displayed_invalid_credentials()
]]></system-out>
  </testcase>
</testsuite>