<?xml version="1.0" encoding="UTF-8"?>
<testsuite xmlns:xsi="http://www.w3.org/2001/XMLSchema-instance" xsi:noNamespaceSchemaLocation="https://maven.apache.org/surefire/maven-surefire-plugin/xsd/surefire-test-report-3.0.xsd" version="3.0" name="StepDefinitions.TestRunner" time="139.918" tests="9" errors="6" skipped="0" failures="0">
  <properties>
[...]
</properties>
  <testcase name="Check logout link" classname="Check homepage functionality" time="11.493">
    <error message="The step &apos;user is on the login page&apos; and 5 other step(s) are undefined.&#10;You can implement these steps using the snippet(s) below:&#10;&#10;@Given(&quot;user is on the login page&quot;)&#10;public void user_is_on_the_login_page() {&#10;    // Write code here that turns the phrase above into concrete actions&#10;    throw new io.cucumber.java.PendingException();&#10;}&#10;@When(&quot;user enters the username and password&quot;)&#10;public void user_enters_the_username_and_password() {&#10;    // Write code here that turns the phrase above into concrete actions&#10;    throw new io.cucumber.java.PendingException();&#10;}&#10;@When(&quot;hits the login button&quot;)&#10;public void hits_the_login_button() {&#10;    // Write code here that turns the phrase above into concrete actions&#10;    throw new io.cucumber.java.PendingException();&#10;}&#10;@Then(&quot;user is navigated to the dashboard page&quot;)&#10;public void user_is_navigated_to_the_dashboard_page() {&#10;    // Write code here that turns the phrase above into concrete actions&#10;    throw new io.cucumber.java.PendingException();&#10;}&#10;@When(&quot;User clicks on welcome link&quot;)&#10;public void user_clicks_on_welcome_link() {&#10;    // Write code here that turns the phrase above into concrete actions&#10;    throw new io.cucumber.java.PendingException();&#10;}&#10;@Then(&quot;Logout link is displayed&quot;)&#10;public void logout_link_is_displayed() {&#10;    // Write code here that turns the phrase above into concrete actions&#10;    throw new io.cucumber.java.PendingException();&#10;}&#10;" type="io.cucumber.junit.UndefinedStepException"><![CDATA[io.cucumber.junit.UndefinedStepException: 
The step 'user is on the login page' and 5 other step(s) are undefined.
You can implement these steps using the snippet(s) below:

@Given("user is on the login page")
public void user_is_on_the_login_page() {
    // Write code here that turns the phrase above into concrete actions
    throw new io.cucumber.java.PendingException();
}
@When("user enters the username and password")
public void user_enters_the_username_and_password() {
    // Write code here that turns the phrase above into concrete actions
    throw new io.cucumber.java.PendingException();
}
@When("hits the login button")
public void hits_the_login_button() {
    // Write code here that turns the phrase above into concrete actions
    throw new io.cucumber.java.PendingException();
}
@Then("user is navigated to the dashboard page")
public void user_is_navigated_to_the_dashboard_page() {
    // Write code here that turns the phrase above into concrete actions
    throw new io.cucumber.java.PendingException();
}
@When("User clicks on welcome link")
public void user_clicks_on_welcome_link() {
    // Write code here that turns the phrase above into concrete actions
    throw new io.cucumber.java.PendingException();
}
@Then("Logout link is displayed")
public void logout_link_is_displayed() {
    // Write code here that turns the phrase above into concrete actions
    throw new io.cucumber.java.PendingException();
}

]]></error>
    <system-out><![CDATA[
Scenario: Check logout link                      # file:///G:/2025/My%20Automation%20Project/CucumberJavaSeleniumProject/src/test/resources/Features/BackgroundDemo/BackgroundDemo.feature:9
âœ… Browser launched and navigated to login page.
  â–  Given user is on the login page
  â†· When user enters the username and password
  â†· And hits the login button
  â†· Then user is navigated to the dashboard page
  â†· When User clicks on welcome link
  â†· Then Logout link is displayed
âœ… Browser closed successfully.
]]></system-out>
    <system-err><![CDATA[[main] INFO io.github.bonigarcia.wdm.WebDriverManager - Using chromedriver 138.0.7204.183 (resolved driver for Chrome 138)
[main] INFO io.github.bonigarcia.wdm.WebDriverManager - Exporting webdriver.chrome.driver as C:\Users\pattn\.cache\selenium\chromedriver\win64\138.0.7204.183\chromedriver.exe
]]></system-err>
  </testcase>
  <testcase name="Verigy quick launch tool bar is present" classname="Check homepage functionality" time="10.253">
    <error message="The step &apos;user is on the login page&apos; and 5 other step(s) are undefined.&#10;You can implement these steps using the snippet(s) below:&#10;&#10;@Given(&quot;user is on the login page&quot;)&#10;public void user_is_on_the_login_page() {&#10;    // Write code here that turns the phrase above into concrete actions&#10;    throw new io.cucumber.java.PendingException();&#10;}&#10;@When(&quot;user enters the username and password&quot;)&#10;public void user_enters_the_username_and_password() {&#10;    // Write code here that turns the phrase above into concrete actions&#10;    throw new io.cucumber.java.PendingException();&#10;}&#10;@When(&quot;hits the login button&quot;)&#10;public void hits_the_login_button() {&#10;    // Write code here that turns the phrase above into concrete actions&#10;    throw new io.cucumber.java.PendingException();&#10;}&#10;@Then(&quot;user is navigated to the dashboard page&quot;)&#10;public void user_is_navigated_to_the_dashboard_page() {&#10;    // Write code here that turns the phrase above into concrete actions&#10;    throw new io.cucumber.java.PendingException();&#10;}&#10;@When(&quot;user lands on the dashboard page&quot;)&#10;public void user_lands_on_the_dashboard_page() {&#10;    // Write code here that turns the phrase above into concrete actions&#10;    throw new io.cucumber.java.PendingException();&#10;}&#10;@Then(&quot;Quick launch toolbar is displayed&quot;)&#10;public void quick_launch_toolbar_is_displayed() {&#10;    // Write code here that turns the phrase above into concrete actions&#10;    throw new io.cucumber.java.PendingException();&#10;}&#10;" type="io.cucumber.junit.UndefinedStepException"><![CDATA[io.cucumber.junit.UndefinedStepException: 
The step 'user is on the login page' and 5 other step(s) are undefined.
You can implement these steps using the snippet(s) below:

@Given("user is on the login page")
public void user_is_on_the_login_page() {
    // Write code here that turns the phrase above into concrete actions
    throw new io.cucumber.java.PendingException();
}
@When("user enters the username and password")
public void user_enters_the_username_and_password() {
    // Write code here that turns the phrase above into concrete actions
    throw new io.cucumber.java.PendingException();
}
@When("hits the login button")
public void hits_the_login_button() {
    // Write code here that turns the phrase above into concrete actions
    throw new io.cucumber.java.PendingException();
}
@Then("user is navigated to the dashboard page")
public void user_is_navigated_to_the_dashboard_page() {
    // Write code here that turns the phrase above into concrete actions
    throw new io.cucumber.java.PendingException();
}
@When("user lands on the dashboard page")
public void user_lands_on_the_dashboard_page() {
    // Write code here that turns the phrase above into concrete actions
    throw new io.cucumber.java.PendingException();
}
@Then("Quick launch toolbar is displayed")
public void quick_launch_toolbar_is_displayed() {
    // Write code here that turns the phrase above into concrete actions
    throw new io.cucumber.java.PendingException();
}

]]></error>
    <system-out><![CDATA[
Scenario: Verigy quick launch tool bar is present # file:///G:/2025/My%20Automation%20Project/CucumberJavaSeleniumProject/src/test/resources/Features/BackgroundDemo/BackgroundDemo.feature:13
âœ… Browser launched and navigated to login page.
  â–  Given user is on the login page
  â†· When user enters the username and password
  â†· And hits the login button
  â†· Then user is navigated to the dashboard page
  â†· When user lands on the dashboard page
  â†· Then Quick launch toolbar is displayed
âœ… Browser closed successfully.
]]></system-out>
    <system-err><![CDATA[[main] INFO io.github.bonigarcia.wdm.WebDriverManager - Using chromedriver 138.0.7204.183 (resolved driver for Chrome 138)
[main] INFO io.github.bonigarcia.wdm.WebDriverManager - Exporting webdriver.chrome.driver as C:\Users\pattn\.cache\selenium\chromedriver\win64\138.0.7204.183\chromedriver.exe
]]></system-err>
  </testcase>
  <testcase name="google search is working." classname="to test google search functionality" time="44.145">
    <system-out><![CDATA[
Scenario: google search is working.                      # file:///G:/2025/My%20Automation%20Project/CucumberJavaSeleniumProject/src/test/resources/Features/GoogleSearch.feature:3
âœ… Browser launched and navigated to login page.
  âœ” Given browser is open and maximized                  # StepDefinitions.GoogleSearchFunctionality.browser_is_open_and_maximized()
  âœ” When user enters anything in search box              # StepDefinitions.GoogleSearchFunctionality.user_enters_anything_in_search_box()
  âœ” And hits enter                                       # StepDefinitions.GoogleSearchFunctionality.hits_enter()
User navigated successfully!!
Automated UI and Functional Testing - AI-Powered Stability - Testim.io
  âœ” Then user should be navigated to the respective page # StepDefinitions.GoogleSearchFunctionality.user_should_be_navigated_to_the_respective_page()
âœ… Browser closed successfully.
]]></system-out>
    <system-err><![CDATA[[main] INFO io.github.bonigarcia.wdm.WebDriverManager - Using chromedriver 138.0.7204.183 (resolved driver for Chrome 138)
[main] INFO io.github.bonigarcia.wdm.WebDriverManager - Exporting webdriver.chrome.driver as C:\Users\pattn\.cache\selenium\chromedriver\win64\138.0.7204.183\chromedriver.exe
]]></system-err>
  </testcase>
  <testcase name="User should be able to login successfully with valid credentials." classname="Validate login functionality of Orangle HRM application" time="21.711">
    <system-out><![CDATA[
Scenario: User should be able to login successfully with valid credentials. # file:///G:/2025/My%20Automation%20Project/CucumberJavaSeleniumProject/src/test/resources/Features/OrangeHRMLogin.feature:3
âœ… Browser launched and navigated to login page.
  âœ” Given Browser opens and user is on the login page of OrangeHRM          # StepDefinitions.OrangeHRMLoginSteps.browser_opens_and_user_is_on_the_login_page_of_orange_hrm()
  âœ” When User enters valid username and password                            # StepDefinitions.OrangeHRMLoginSteps.user_enters_valid_username_and_password()
  âœ” And Click on login button                                               # StepDefinitions.OrangeHRMLoginSteps.click_on_login_button()
User logged in & Dashboard page is displayed.
  âœ” Then User should be logged in and lands in dashboard page               # StepDefinitions.OrangeHRMLoginSteps.user_should_be_logged_in_and_lands_in_dashboard_page()
  âœ” And Logout from application                                             # StepDefinitions.OrangeHRMLoginSteps.logout_from_application()
âœ… Browser closed successfully.
]]></system-out>
    <system-err><![CDATA[[main] INFO io.github.bonigarcia.wdm.WebDriverManager - Using chromedriver 138.0.7204.183 (resolved driver for Chrome 138)
[main] INFO io.github.bonigarcia.wdm.WebDriverManager - Exporting webdriver.chrome.driver as C:\Users\pattn\.cache\selenium\chromedriver\win64\138.0.7204.183\chromedriver.exe
]]></system-err>
  </testcase>
  <testcase name="User should be able to login successfully with given data #1" classname="OrangeHRM Login Functionality" time="11.445">
    <error message="The step &apos;User passes valid &quot;Admin&quot; and &quot;admin123&quot;&apos; is undefined.&#10;You can implement this step using the snippet(s) below:&#10;&#10;@When(&quot;User passes valid {string} and {string}&quot;)&#10;public void user_passes_valid_and(String string, String string2) {&#10;    // Write code here that turns the phrase above into concrete actions&#10;    throw new io.cucumber.java.PendingException();&#10;}&#10;" type="io.cucumber.junit.UndefinedStepException"><![CDATA[io.cucumber.junit.UndefinedStepException: 
The step 'User passes valid "Admin" and "admin123"' is undefined.
You can implement this step using the snippet(s) below:

@When("User passes valid {string} and {string}")
public void user_passes_valid_and(String string, String string2) {
    // Write code here that turns the phrase above into concrete actions
    throw new io.cucumber.java.PendingException();
}

]]></error>
    <system-out><![CDATA[
Scenario Outline: User should be able to login successfully with given data # file:///G:/2025/My%20Automation%20Project/CucumberJavaSeleniumProject/src/test/resources/Features/OrangeHRMParameterization.feature:12
âœ… Browser launched and navigated to login page.
âœ… Browser is already launched via Hooks.
  âœ” Given Browser launches and user is on the login page                    # StepDefinitions.OrangeHRMDataStepsRunner.browser_launches_and_user_is_on_the_login_page()
  â–  When User passes valid "Admin" and "admin123"
  â†· And Clicks on login button                                              # StepDefinitions.OrangeHRMDataStepsRunner.clicks_on_login_button()
  â†· Then The user is now logged in and sees the landing screen              # StepDefinitions.OrangeHRMDataStepsRunner.the_user_is_now_logged_in_and_sees_the_landing_screen()
  â†· And Finally logs out from application                                   # StepDefinitions.OrangeHRMDataStepsRunner.finally_logs_out_from_application()
âœ… Browser closed successfully.
]]></system-out>
    <system-err><![CDATA[[main] INFO io.github.bonigarcia.wdm.WebDriverManager - Using chromedriver 138.0.7204.183 (resolved driver for Chrome 138)
[main] INFO io.github.bonigarcia.wdm.WebDriverManager - Exporting webdriver.chrome.driver as C:\Users\pattn\.cache\selenium\chromedriver\win64\138.0.7204.183\chromedriver.exe
]]></system-err>
  </testcase>
  <testcase name="User should be able to login successfully with given data #2" classname="OrangeHRM Login Functionality" time="9.635">
    <error message="The step &apos;User passes valid &quot;Admin&quot; and &quot;admin124&quot;&apos; is undefined.&#10;You can implement this step using the snippet(s) below:&#10;&#10;@When(&quot;User passes valid {string} and {string}&quot;)&#10;public void user_passes_valid_and(String string, String string2) {&#10;    // Write code here that turns the phrase above into concrete actions&#10;    throw new io.cucumber.java.PendingException();&#10;}&#10;" type="io.cucumber.junit.UndefinedStepException"><![CDATA[io.cucumber.junit.UndefinedStepException: 
The step 'User passes valid "Admin" and "admin124"' is undefined.
You can implement this step using the snippet(s) below:

@When("User passes valid {string} and {string}")
public void user_passes_valid_and(String string, String string2) {
    // Write code here that turns the phrase above into concrete actions
    throw new io.cucumber.java.PendingException();
}

]]></error>
    <system-out><![CDATA[
Scenario Outline: User should be able to login successfully with given data # file:///G:/2025/My%20Automation%20Project/CucumberJavaSeleniumProject/src/test/resources/Features/OrangeHRMParameterization.feature:13
âœ… Browser launched and navigated to login page.
âœ… Browser is already launched via Hooks.
  âœ” Given Browser launches and user is on the login page                    # StepDefinitions.OrangeHRMDataStepsRunner.browser_launches_and_user_is_on_the_login_page()
  â–  When User passes valid "Admin" and "admin124"
  â†· And Clicks on login button                                              # StepDefinitions.OrangeHRMDataStepsRunner.clicks_on_login_button()
  â†· Then The user is now logged in and sees the landing screen              # StepDefinitions.OrangeHRMDataStepsRunner.the_user_is_now_logged_in_and_sees_the_landing_screen()
  â†· And Finally logs out from application                                   # StepDefinitions.OrangeHRMDataStepsRunner.finally_logs_out_from_application()
âœ… Browser closed successfully.
]]></system-out>
    <system-err><![CDATA[[main] INFO io.github.bonigarcia.wdm.WebDriverManager - Using chromedriver 138.0.7204.183 (resolved driver for Chrome 138)
[main] INFO io.github.bonigarcia.wdm.WebDriverManager - Exporting webdriver.chrome.driver as C:\Users\pattn\.cache\selenium\chromedriver\win64\138.0.7204.183\chromedriver.exe
]]></system-err>
  </testcase>
  <testcase name="User should be able to login successfully with given data #3" classname="OrangeHRM Login Functionality" time="9.448">
    <error message="The step &apos;User passes valid &quot;Admin&quot; and &quot;admin125&quot;&apos; is undefined.&#10;You can implement this step using the snippet(s) below:&#10;&#10;@When(&quot;User passes valid {string} and {string}&quot;)&#10;public void user_passes_valid_and(String string, String string2) {&#10;    // Write code here that turns the phrase above into concrete actions&#10;    throw new io.cucumber.java.PendingException();&#10;}&#10;" type="io.cucumber.junit.UndefinedStepException"><![CDATA[io.cucumber.junit.UndefinedStepException: 
The step 'User passes valid "Admin" and "admin125"' is undefined.
You can implement this step using the snippet(s) below:

@When("User passes valid {string} and {string}")
public void user_passes_valid_and(String string, String string2) {
    // Write code here that turns the phrase above into concrete actions
    throw new io.cucumber.java.PendingException();
}

]]></error>
    <system-out><![CDATA[
Scenario Outline: User should be able to login successfully with given data # file:///G:/2025/My%20Automation%20Project/CucumberJavaSeleniumProject/src/test/resources/Features/OrangeHRMParameterization.feature:14
âœ… Browser launched and navigated to login page.
âœ… Browser is already launched via Hooks.
  âœ” Given Browser launches and user is on the login page                    # StepDefinitions.OrangeHRMDataStepsRunner.browser_launches_and_user_is_on_the_login_page()
  â–  When User passes valid "Admin" and "admin125"
  â†· And Clicks on login button                                              # StepDefinitions.OrangeHRMDataStepsRunner.clicks_on_login_button()
  â†· Then The user is now logged in and sees the landing screen              # StepDefinitions.OrangeHRMDataStepsRunner.the_user_is_now_logged_in_and_sees_the_landing_screen()
  â†· And Finally logs out from application                                   # StepDefinitions.OrangeHRMDataStepsRunner.finally_logs_out_from_application()
âœ… Browser closed successfully.
]]></system-out>
    <system-err><![CDATA[[main] INFO io.github.bonigarcia.wdm.WebDriverManager - Using chromedriver 138.0.7204.183 (resolved driver for Chrome 138)
[main] INFO io.github.bonigarcia.wdm.WebDriverManager - Exporting webdriver.chrome.driver as C:\Users\pattn\.cache\selenium\chromedriver\win64\138.0.7204.183\chromedriver.exe
]]></system-err>
  </testcase>
  <testcase name="Verify login with valid credentials using classic flow" classname="Classic Login Functionality Test" time="10.268">
    <error message="The step &apos;the user is on the login page&apos; and 3 other step(s) are undefined.&#10;You can implement these steps using the snippet(s) below:&#10;&#10;@Given(&quot;the user is on the login page&quot;)&#10;public void the_user_is_on_the_login_page() {&#10;    // Write code here that turns the phrase above into concrete actions&#10;    throw new io.cucumber.java.PendingException();&#10;}&#10;@When(&quot;the user enters valid username and password&quot;)&#10;public void the_user_enters_valid_username_and_password() {&#10;    // Write code here that turns the phrase above into concrete actions&#10;    throw new io.cucumber.java.PendingException();&#10;}&#10;@When(&quot;clicks the login button&quot;)&#10;public void clicks_the_login_button() {&#10;    // Write code here that turns the phrase above into concrete actions&#10;    throw new io.cucumber.java.PendingException();&#10;}&#10;@Then(&quot;the user should be navigated to the home page&quot;)&#10;public void the_user_should_be_navigated_to_the_home_page() {&#10;    // Write code here that turns the phrase above into concrete actions&#10;    throw new io.cucumber.java.PendingException();&#10;}&#10;" type="io.cucumber.junit.UndefinedStepException"><![CDATA[io.cucumber.junit.UndefinedStepException: 
The step 'the user is on the login page' and 3 other step(s) are undefined.
You can implement these steps using the snippet(s) below:

@Given("the user is on the login page")
public void the_user_is_on_the_login_page() {
    // Write code here that turns the phrase above into concrete actions
    throw new io.cucumber.java.PendingException();
}
@When("the user enters valid username and password")
public void the_user_enters_valid_username_and_password() {
    // Write code here that turns the phrase above into concrete actions
    throw new io.cucumber.java.PendingException();
}
@When("clicks the login button")
public void clicks_the_login_button() {
    // Write code here that turns the phrase above into concrete actions
    throw new io.cucumber.java.PendingException();
}
@Then("the user should be navigated to the home page")
public void the_user_should_be_navigated_to_the_home_page() {
    // Write code here that turns the phrase above into concrete actions
    throw new io.cucumber.java.PendingException();
}

]]></error>
    <system-out><![CDATA[
@SmokeScenario @SmokeTest
Scenario: Verify login with valid credentials using classic flow # file:///G:/2025/My%20Automation%20Project/CucumberJavaSeleniumProject/src/test/resources/Features/login.feature:6
âœ… Browser launched and navigated to login page.
  â–  Given the user is on the login page
  â†· When the user enters valid username and password
  â†· And clicks the login button
  â†· Then the user should be navigated to the home page
âœ… Browser closed successfully.
]]></system-out>
    <system-err><![CDATA[[main] INFO io.github.bonigarcia.wdm.WebDriverManager - Using chromedriver 138.0.7204.183 (resolved driver for Chrome 138)
[main] INFO io.github.bonigarcia.wdm.WebDriverManager - Exporting webdriver.chrome.driver as C:\Users\pattn\.cache\selenium\chromedriver\win64\138.0.7204.183\chromedriver.exe
]]></system-err>
  </testcase>
  <testcase name="Authenticate user with valid credentials using POM" classname="OrangeHRM Login Verification via Page Object Model" time="10.689">
    <system-out><![CDATA[
@POM
Scenario Outline: Authenticate user with valid credentials using POM        # file:///G:/2025/My%20Automation%20Project/CucumberJavaSeleniumProject/src/test/resources/Features/loginPOM.feature:12
âœ… Browser launched and navigated to login page.
âœ… Navigated to login page.
  âœ” Given the user opens the OrangeHRM login page                           # StepDefinitions.LoginSteps_PageFactory.openLoginPage()
âœ… Entered credentials.
  âœ” When the user enters username "Admin" and password "admin123" using POM # StepDefinitions.LoginSteps_PageFactory.enterCredentials(java.lang.String,java.lang.String)
âœ… Submitted login form.
  âœ” And submits the login form                                              # StepDefinitions.LoginSteps_PageFactory.submitLogin()
âœ… Browser closed successfully.
]]></system-out>
    <system-err><![CDATA[[main] INFO io.github.bonigarcia.wdm.WebDriverManager - Using chromedriver 138.0.7204.183 (resolved driver for Chrome 138)
[main] INFO io.github.bonigarcia.wdm.WebDriverManager - Exporting webdriver.chrome.driver as C:\Users\pattn\.cache\selenium\chromedriver\win64\138.0.7204.183\chromedriver.exe
]]></system-err>
  </testcase>
</testsuite>